{"/Users/hodayakaro/Documents/matala1/Matala1/assignment_2/src/server.ts": {"path":"/Users/hodayakaro/Documents/matala1/Matala1/assignment_2/src/server.ts","statementMap":{"0":{"start":{"line":4,"column":0},"end":{"line":4,"column":43}},"1":{"start":{"line":5,"column":0},"end":{"line":5,"column":28}},"2":{"start":{"line":6,"column":0},"end":{"line":6,"column":32}},"3":{"start":{"line":7,"column":0},"end":{"line":7,"column":37}},"4":{"start":{"line":8,"column":0},"end":{"line":8,"column":47}},"5":{"start":{"line":9,"column":0},"end":{"line":9,"column":52}},"6":{"start":{"line":10,"column":0},"end":{"line":10,"column":45}},"7":{"start":{"line":11,"column":0},"end":{"line":11,"column":41}},"8":{"start":{"line":12,"column":0},"end":{"line":12,"column":43}},"9":{"start":{"line":14,"column":12},"end":{"line":14,"column":21}},"10":{"start":{"line":15,"column":0},"end":{"line":15,"column":16}},"11":{"start":{"line":17,"column":16},"end":{"line":28,"column":2}},"12":{"start":{"line":29,"column":14},"end":{"line":29,"column":35}},"13":{"start":{"line":30,"column":0},"end":{"line":30,"column":62}},"14":{"start":{"line":33,"column":18},"end":{"line":55,"column":2}},"15":{"start":{"line":33,"column":47},"end":{"line":55,"column":2}},"16":{"start":{"line":34,"column":2},"end":{"line":36,"column":3}},"17":{"start":{"line":35,"column":4},"end":{"line":35,"column":44}},"18":{"start":{"line":38,"column":2},"end":{"line":44,"column":3}},"19":{"start":{"line":39,"column":4},"end":{"line":39,"column":51}},"20":{"start":{"line":40,"column":4},"end":{"line":40,"column":40}},"21":{"start":{"line":42,"column":4},"end":{"line":42,"column":57}},"22":{"start":{"line":43,"column":4},"end":{"line":43,"column":16}},"23":{"start":{"line":47,"column":2},"end":{"line":47,"column":29}},"24":{"start":{"line":48,"column":2},"end":{"line":48,"column":53}},"25":{"start":{"line":50,"column":2},"end":{"line":50,"column":33}},"26":{"start":{"line":51,"column":2},"end":{"line":51,"column":39}},"27":{"start":{"line":52,"column":2},"end":{"line":52,"column":31}},"28":{"start":{"line":54,"column":2},"end":{"line":54,"column":13}},"29":{"start":{"line":57,"column":0},"end":{"line":57,"column":25}}},"fnMap":{"0":{"name":"(anonymous_8)","decl":{"start":{"line":33,"column":18},"end":{"line":33,"column":45}},"loc":{"start":{"line":33,"column":47},"end":{"line":55,"column":2}}},"1":{"name":"(anonymous_9)","decl":{"start":{"line":33,"column":47},"end":{"line":33,"column":null}},"loc":{"start":{"line":33,"column":47},"end":{"line":55,"column":1}}}},"branchMap":{"0":{"loc":{"start":{"line":34,"column":2},"end":{"line":36,"column":3}},"type":"if","locations":[{"start":{"line":34,"column":2},"end":{"line":36,"column":3}}]}},"s":{"0":3,"1":3,"2":3,"3":3,"4":3,"5":3,"6":3,"7":3,"8":3,"9":3,"10":3,"11":3,"12":3,"13":3,"14":3,"15":3,"16":3,"17":0,"18":3,"19":3,"20":3,"21":0,"22":0,"23":3,"24":3,"25":3,"26":3,"27":3,"28":3,"29":3},"f":{"0":3,"1":3},"b":{"0":[0]}}
,"/Users/hodayakaro/Documents/matala1/Matala1/assignment_2/src/controllers/comments_controller.ts": {"path":"/Users/hodayakaro/Documents/matala1/Matala1/assignment_2/src/controllers/comments_controller.ts","statementMap":{"0":{"start":{"line":1,"column":0},"end":{"line":1,"column":52}},"1":{"start":{"line":2,"column":0},"end":{"line":2,"column":46}},"2":{"start":{"line":5,"column":23},"end":{"line":12,"column":2}},"3":{"start":{"line":5,"column":61},"end":{"line":12,"column":2}},"4":{"start":{"line":6,"column":2},"end":{"line":11,"column":3}},"5":{"start":{"line":7,"column":21},"end":{"line":7,"column":46}},"6":{"start":{"line":8,"column":4},"end":{"line":8,"column":35}},"7":{"start":{"line":10,"column":4},"end":{"line":10,"column":51}},"8":{"start":{"line":14,"column":22},"end":{"line":30,"column":2}},"9":{"start":{"line":14,"column":60},"end":{"line":30,"column":2}},"10":{"start":{"line":15,"column":19},"end":{"line":15,"column":22}},"11":{"start":{"line":16,"column":2},"end":{"line":29,"column":3}},"12":{"start":{"line":17,"column":4},"end":{"line":17,"column":48}},"13":{"start":{"line":18,"column":17},"end":{"line":18,"column":54}},"14":{"start":{"line":20,"column":4},"end":{"line":26,"column":5}},"15":{"start":{"line":21,"column":6},"end":{"line":21,"column":66}},"16":{"start":{"line":23,"column":25},"end":{"line":23,"column":56}},"17":{"start":{"line":24,"column":6},"end":{"line":24,"column":50}},"18":{"start":{"line":25,"column":6},"end":{"line":25,"column":39}},"19":{"start":{"line":28,"column":4},"end":{"line":28,"column":51}},"20":{"start":{"line":32,"column":23},"end":{"line":49,"column":2}},"21":{"start":{"line":32,"column":61},"end":{"line":49,"column":2}},"22":{"start":{"line":33,"column":17},"end":{"line":33,"column":33}},"23":{"start":{"line":34,"column":2},"end":{"line":48,"column":3}},"24":{"start":{"line":35,"column":4},"end":{"line":45,"column":5}},"25":{"start":{"line":36,"column":23},"end":{"line":36,"column":66}},"26":{"start":{"line":37,"column":6},"end":{"line":37,"column":25}},"27":{"start":{"line":39,"column":22},"end":{"line":39,"column":64}},"28":{"start":{"line":40,"column":6},"end":{"line":44,"column":7}},"29":{"start":{"line":41,"column":8},"end":{"line":41,"column":26}},"30":{"start":{"line":43,"column":8},"end":{"line":43,"column":50}},"31":{"start":{"line":47,"column":4},"end":{"line":47,"column":51}},"32":{"start":{"line":51,"column":22},"end":{"line":72,"column":2}},"33":{"start":{"line":51,"column":60},"end":{"line":72,"column":2}},"34":{"start":{"line":52,"column":20},"end":{"line":52,"column":33}},"35":{"start":{"line":53,"column":22},"end":{"line":53,"column":30}},"36":{"start":{"line":55,"column":2},"end":{"line":71,"column":3}},"37":{"start":{"line":56,"column":4},"end":{"line":56,"column":49}},"38":{"start":{"line":58,"column":4},"end":{"line":70,"column":5}},"39":{"start":{"line":59,"column":30},"end":{"line":62,"column":null}},"40":{"start":{"line":65,"column":6},"end":{"line":67,"column":7}},"41":{"start":{"line":66,"column":8},"end":{"line":66,"column":46}},"42":{"start":{"line":69,"column":6},"end":{"line":69,"column":53}},"43":{"start":{"line":74,"column":22},"end":{"line":82,"column":2}},"44":{"start":{"line":74,"column":60},"end":{"line":82,"column":2}},"45":{"start":{"line":75,"column":13},"end":{"line":75,"column":26}},"46":{"start":{"line":77,"column":2},"end":{"line":81,"column":3}},"47":{"start":{"line":78,"column":4},"end":{"line":78,"column":45}},"48":{"start":{"line":80,"column":4},"end":{"line":80,"column":62}},"49":{"start":{"line":84,"column":0},"end":{"line":90,"column":2}}},"fnMap":{"0":{"name":"(anonymous_8)","decl":{"start":{"line":5,"column":23},"end":{"line":5,"column":30}},"loc":{"start":{"line":5,"column":61},"end":{"line":12,"column":2}}},"1":{"name":"(anonymous_9)","decl":{"start":{"line":5,"column":61},"end":{"line":5,"column":null}},"loc":{"start":{"line":5,"column":61},"end":{"line":12,"column":1}}},"2":{"name":"(anonymous_10)","decl":{"start":{"line":14,"column":22},"end":{"line":14,"column":29}},"loc":{"start":{"line":14,"column":60},"end":{"line":30,"column":2}}},"3":{"name":"(anonymous_11)","decl":{"start":{"line":14,"column":60},"end":{"line":14,"column":null}},"loc":{"start":{"line":14,"column":60},"end":{"line":30,"column":1}}},"4":{"name":"(anonymous_12)","decl":{"start":{"line":32,"column":23},"end":{"line":32,"column":30}},"loc":{"start":{"line":32,"column":61},"end":{"line":49,"column":2}}},"5":{"name":"(anonymous_13)","decl":{"start":{"line":32,"column":61},"end":{"line":32,"column":null}},"loc":{"start":{"line":32,"column":61},"end":{"line":49,"column":1}}},"6":{"name":"(anonymous_14)","decl":{"start":{"line":51,"column":22},"end":{"line":51,"column":29}},"loc":{"start":{"line":51,"column":60},"end":{"line":72,"column":2}}},"7":{"name":"(anonymous_15)","decl":{"start":{"line":51,"column":60},"end":{"line":51,"column":null}},"loc":{"start":{"line":51,"column":60},"end":{"line":72,"column":1}}},"8":{"name":"(anonymous_16)","decl":{"start":{"line":74,"column":22},"end":{"line":74,"column":29}},"loc":{"start":{"line":74,"column":60},"end":{"line":82,"column":2}}},"9":{"name":"(anonymous_17)","decl":{"start":{"line":74,"column":60},"end":{"line":74,"column":null}},"loc":{"start":{"line":74,"column":60},"end":{"line":82,"column":1}}}},"branchMap":{"0":{"loc":{"start":{"line":20,"column":4},"end":{"line":26,"column":5}},"type":"if","locations":[{"start":{"line":20,"column":4},"end":{"line":26,"column":5}},{"start":{"line":22,"column":11},"end":{"line":26,"column":5}}]},"1":{"loc":{"start":{"line":35,"column":4},"end":{"line":45,"column":5}},"type":"if","locations":[{"start":{"line":35,"column":4},"end":{"line":45,"column":5}},{"start":{"line":38,"column":11},"end":{"line":45,"column":5}}]},"2":{"loc":{"start":{"line":40,"column":6},"end":{"line":44,"column":7}},"type":"if","locations":[{"start":{"line":40,"column":6},"end":{"line":44,"column":7}},{"start":{"line":42,"column":13},"end":{"line":44,"column":7}}]},"3":{"loc":{"start":{"line":55,"column":2},"end":{"line":71,"column":3}},"type":"if","locations":[{"start":{"line":55,"column":2},"end":{"line":71,"column":3}},{"start":{"line":57,"column":9},"end":{"line":71,"column":3}}]},"4":{"loc":{"start":{"line":65,"column":6},"end":{"line":67,"column":7}},"type":"if","locations":[{"start":{"line":65,"column":6},"end":{"line":67,"column":7}}]}},"s":{"0":3,"1":3,"2":3,"3":6,"4":6,"5":6,"6":4,"7":2,"8":3,"9":3,"10":3,"11":3,"12":3,"13":3,"14":2,"15":1,"16":1,"17":1,"18":1,"19":1,"20":3,"21":3,"22":3,"23":3,"24":3,"25":0,"26":0,"27":3,"28":2,"29":1,"30":1,"31":1,"32":3,"33":3,"34":3,"35":3,"36":3,"37":1,"38":2,"39":2,"40":1,"41":1,"42":1,"43":3,"44":1,"45":1,"46":1,"47":1,"48":1,"49":3},"f":{"0":6,"1":6,"2":3,"3":3,"4":3,"5":3,"6":3,"7":3,"8":1,"9":1},"b":{"0":[1,1],"1":[0,3],"2":[1,1],"3":[1,2],"4":[1]}}
,"/Users/hodayakaro/Documents/matala1/Matala1/assignment_2/src/controllers/posts_controller.ts": {"path":"/Users/hodayakaro/Documents/matala1/Matala1/assignment_2/src/controllers/posts_controller.ts","statementMap":{"0":{"start":{"line":1,"column":0},"end":{"line":1,"column":46}},"1":{"start":{"line":2,"column":0},"end":{"line":2,"column":46}},"2":{"start":{"line":5,"column":19},"end":{"line":15,"column":2}},"3":{"start":{"line":5,"column":57},"end":{"line":15,"column":2}},"4":{"start":{"line":6,"column":19},"end":{"line":6,"column":27}},"5":{"start":{"line":7,"column":2},"end":{"line":14,"column":3}},"6":{"start":{"line":8,"column":4},"end":{"line":8,"column":40}},"7":{"start":{"line":9,"column":17},"end":{"line":9,"column":49}},"8":{"start":{"line":10,"column":4},"end":{"line":10,"column":39}},"9":{"start":{"line":11,"column":4},"end":{"line":11,"column":31}},"10":{"start":{"line":13,"column":4},"end":{"line":13,"column":78}},"11":{"start":{"line":17,"column":17},"end":{"line":30,"column":2}},"12":{"start":{"line":17,"column":55},"end":{"line":30,"column":2}},"13":{"start":{"line":18,"column":17},"end":{"line":18,"column":33}},"14":{"start":{"line":19,"column":2},"end":{"line":29,"column":3}},"15":{"start":{"line":20,"column":4},"end":{"line":26,"column":5}},"16":{"start":{"line":21,"column":20},"end":{"line":21,"column":60}},"17":{"start":{"line":22,"column":6},"end":{"line":22,"column":22}},"18":{"start":{"line":24,"column":20},"end":{"line":24,"column":42}},"19":{"start":{"line":25,"column":6},"end":{"line":25,"column":22}},"20":{"start":{"line":28,"column":4},"end":{"line":28,"column":51}},"21":{"start":{"line":32,"column":20},"end":{"line":44,"column":2}},"22":{"start":{"line":32,"column":58},"end":{"line":44,"column":2}},"23":{"start":{"line":33,"column":13},"end":{"line":33,"column":26}},"24":{"start":{"line":34,"column":2},"end":{"line":43,"column":3}},"25":{"start":{"line":35,"column":17},"end":{"line":35,"column":45}},"26":{"start":{"line":36,"column":4},"end":{"line":40,"column":5}},"27":{"start":{"line":37,"column":6},"end":{"line":37,"column":21}},"28":{"start":{"line":39,"column":6},"end":{"line":39,"column":45}},"29":{"start":{"line":42,"column":4},"end":{"line":42,"column":51}},"30":{"start":{"line":46,"column":24},"end":{"line":52,"column":2}},"31":{"start":{"line":46,"column":62},"end":{"line":52,"column":2}},"32":{"start":{"line":47,"column":2},"end":{"line":51,"column":3}},"33":{"start":{"line":48,"column":4},"end":{"line":48,"column":55}},"34":{"start":{"line":50,"column":4},"end":{"line":50,"column":51}},"35":{"start":{"line":54,"column":19},"end":{"line":73,"column":2}},"36":{"start":{"line":54,"column":57},"end":{"line":73,"column":2}},"37":{"start":{"line":55,"column":13},"end":{"line":55,"column":26}},"38":{"start":{"line":56,"column":30},"end":{"line":56,"column":38}},"39":{"start":{"line":58,"column":2},"end":{"line":72,"column":3}},"40":{"start":{"line":59,"column":24},"end":{"line":62,"column":null}},"41":{"start":{"line":65,"column":4},"end":{"line":69,"column":5}},"42":{"start":{"line":66,"column":6},"end":{"line":66,"column":40}},"43":{"start":{"line":68,"column":6},"end":{"line":68,"column":45}},"44":{"start":{"line":71,"column":4},"end":{"line":71,"column":51}},"45":{"start":{"line":75,"column":19},"end":{"line":83,"column":2}},"46":{"start":{"line":75,"column":57},"end":{"line":83,"column":2}},"47":{"start":{"line":76,"column":13},"end":{"line":76,"column":26}},"48":{"start":{"line":77,"column":2},"end":{"line":82,"column":3}},"49":{"start":{"line":78,"column":4},"end":{"line":78,"column":42}},"50":{"start":{"line":79,"column":4},"end":{"line":79,"column":36}},"51":{"start":{"line":81,"column":4},"end":{"line":81,"column":37}},"52":{"start":{"line":85,"column":0},"end":{"line":92,"column":2}}},"fnMap":{"0":{"name":"(anonymous_8)","decl":{"start":{"line":5,"column":19},"end":{"line":5,"column":26}},"loc":{"start":{"line":5,"column":57},"end":{"line":15,"column":2}}},"1":{"name":"(anonymous_9)","decl":{"start":{"line":5,"column":57},"end":{"line":5,"column":null}},"loc":{"start":{"line":5,"column":57},"end":{"line":15,"column":1}}},"2":{"name":"(anonymous_10)","decl":{"start":{"line":17,"column":17},"end":{"line":17,"column":24}},"loc":{"start":{"line":17,"column":55},"end":{"line":30,"column":2}}},"3":{"name":"(anonymous_11)","decl":{"start":{"line":17,"column":55},"end":{"line":17,"column":null}},"loc":{"start":{"line":17,"column":55},"end":{"line":30,"column":1}}},"4":{"name":"(anonymous_12)","decl":{"start":{"line":32,"column":20},"end":{"line":32,"column":27}},"loc":{"start":{"line":32,"column":58},"end":{"line":44,"column":2}}},"5":{"name":"(anonymous_13)","decl":{"start":{"line":32,"column":58},"end":{"line":32,"column":null}},"loc":{"start":{"line":32,"column":58},"end":{"line":44,"column":1}}},"6":{"name":"(anonymous_14)","decl":{"start":{"line":46,"column":24},"end":{"line":46,"column":31}},"loc":{"start":{"line":46,"column":62},"end":{"line":52,"column":2}}},"7":{"name":"(anonymous_15)","decl":{"start":{"line":46,"column":62},"end":{"line":46,"column":null}},"loc":{"start":{"line":46,"column":62},"end":{"line":52,"column":1}}},"8":{"name":"(anonymous_16)","decl":{"start":{"line":54,"column":19},"end":{"line":54,"column":26}},"loc":{"start":{"line":54,"column":57},"end":{"line":73,"column":2}}},"9":{"name":"(anonymous_17)","decl":{"start":{"line":54,"column":57},"end":{"line":54,"column":null}},"loc":{"start":{"line":54,"column":57},"end":{"line":73,"column":1}}},"10":{"name":"(anonymous_18)","decl":{"start":{"line":75,"column":19},"end":{"line":75,"column":26}},"loc":{"start":{"line":75,"column":57},"end":{"line":83,"column":2}}},"11":{"name":"(anonymous_19)","decl":{"start":{"line":75,"column":57},"end":{"line":75,"column":null}},"loc":{"start":{"line":75,"column":57},"end":{"line":83,"column":1}}}},"branchMap":{"0":{"loc":{"start":{"line":20,"column":4},"end":{"line":26,"column":5}},"type":"if","locations":[{"start":{"line":20,"column":4},"end":{"line":26,"column":5}},{"start":{"line":23,"column":11},"end":{"line":26,"column":5}}]},"1":{"loc":{"start":{"line":36,"column":4},"end":{"line":40,"column":5}},"type":"if","locations":[{"start":{"line":36,"column":4},"end":{"line":40,"column":5}},{"start":{"line":38,"column":11},"end":{"line":40,"column":5}}]},"2":{"loc":{"start":{"line":65,"column":4},"end":{"line":69,"column":5}},"type":"if","locations":[{"start":{"line":65,"column":4},"end":{"line":69,"column":5}},{"start":{"line":67,"column":11},"end":{"line":69,"column":5}}]}},"s":{"0":3,"1":3,"2":3,"3":6,"4":6,"5":6,"6":6,"7":6,"8":4,"9":4,"10":2,"11":3,"12":5,"13":5,"14":5,"15":5,"16":2,"17":1,"18":3,"19":2,"20":2,"21":3,"22":4,"23":4,"24":4,"25":4,"26":3,"27":1,"28":2,"29":1,"30":3,"31":0,"32":0,"33":0,"34":0,"35":3,"36":2,"37":2,"38":2,"39":2,"40":2,"41":2,"42":1,"43":1,"44":0,"45":3,"46":2,"47":2,"48":2,"49":2,"50":1,"51":1,"52":3},"f":{"0":6,"1":6,"2":5,"3":5,"4":4,"5":4,"6":0,"7":0,"8":2,"9":2,"10":2,"11":2},"b":{"0":[2,3],"1":[1,2],"2":[1,1]}}
,"/Users/hodayakaro/Documents/matala1/Matala1/assignment_2/src/controllers/user_controller_auth.ts": {"path":"/Users/hodayakaro/Documents/matala1/Matala1/assignment_2/src/controllers/user_controller_auth.ts","statementMap":{"0":{"start":{"line":2,"column":0},"end":{"line":2,"column":45}},"1":{"start":{"line":3,"column":0},"end":{"line":3,"column":28}},"2":{"start":{"line":4,"column":0},"end":{"line":4,"column":31}},"3":{"start":{"line":6,"column":17},"end":{"line":21,"column":2}},"4":{"start":{"line":6,"column":55},"end":{"line":21,"column":2}},"5":{"start":{"line":7,"column":30},"end":{"line":7,"column":38}},"6":{"start":{"line":8,"column":2},"end":{"line":20,"column":3}},"7":{"start":{"line":9,"column":25},"end":{"line":9,"column":59}},"8":{"start":{"line":10,"column":4},"end":{"line":10,"column":73}},"9":{"start":{"line":10,"column":22},"end":{"line":10,"column":73}},"10":{"start":{"line":12,"column":27},"end":{"line":14,"column":null}},"11":{"start":{"line":16,"column":17},"end":{"line":16,"column":76}},"12":{"start":{"line":17,"column":4},"end":{"line":17,"column":31}},"13":{"start":{"line":19,"column":4},"end":{"line":19,"column":30}},"14":{"start":{"line":23,"column":23},"end":{"line":35,"column":1}},"15":{"start":{"line":24,"column":17},"end":{"line":24,"column":52}},"16":{"start":{"line":25,"column":2},"end":{"line":25,"column":45}},"17":{"start":{"line":25,"column":33},"end":{"line":25,"column":45}},"18":{"start":{"line":27,"column":22},"end":{"line":29,"column":4}},"19":{"start":{"line":30,"column":23},"end":{"line":32,"column":4}},"20":{"start":{"line":34,"column":2},"end":{"line":34,"column":39}},"21":{"start":{"line":37,"column":14},"end":{"line":64,"column":2}},"22":{"start":{"line":37,"column":52},"end":{"line":64,"column":2}},"23":{"start":{"line":38,"column":30},"end":{"line":38,"column":38}},"24":{"start":{"line":39,"column":2},"end":{"line":40,"column":59}},"25":{"start":{"line":40,"column":4},"end":{"line":40,"column":59}},"26":{"start":{"line":42,"column":2},"end":{"line":63,"column":3}},"27":{"start":{"line":43,"column":17},"end":{"line":43,"column":51}},"28":{"start":{"line":44,"column":4},"end":{"line":46,"column":5}},"29":{"start":{"line":45,"column":6},"end":{"line":45,"column":61}},"30":{"start":{"line":48,"column":19},"end":{"line":48,"column":54}},"31":{"start":{"line":49,"column":4},"end":{"line":49,"column":75}},"32":{"start":{"line":49,"column":17},"end":{"line":49,"column":75}},"33":{"start":{"line":51,"column":4},"end":{"line":51,"column":53}},"34":{"start":{"line":51,"column":29},"end":{"line":51,"column":53}},"35":{"start":{"line":52,"column":4},"end":{"line":52,"column":49}},"36":{"start":{"line":53,"column":4},"end":{"line":53,"column":22}},"37":{"start":{"line":55,"column":4},"end":{"line":60,"column":7}},"38":{"start":{"line":62,"column":4},"end":{"line":62,"column":43}},"39":{"start":{"line":66,"column":15},"end":{"line":92,"column":2}},"40":{"start":{"line":66,"column":53},"end":{"line":92,"column":2}},"41":{"start":{"line":67,"column":27},"end":{"line":67,"column":35}},"42":{"start":{"line":69,"column":2},"end":{"line":71,"column":3}},"43":{"start":{"line":70,"column":4},"end":{"line":70,"column":79}},"44":{"start":{"line":73,"column":2},"end":{"line":91,"column":3}},"45":{"start":{"line":74,"column":20},"end":{"line":76,"column":null}},"46":{"start":{"line":78,"column":17},"end":{"line":78,"column":62}},"47":{"start":{"line":80,"column":4},"end":{"line":82,"column":5}},"48":{"start":{"line":81,"column":6},"end":{"line":81,"column":51}},"49":{"start":{"line":84,"column":4},"end":{"line":86,"column":6}},"50":{"start":{"line":85,"column":17},"end":{"line":85,"column":39}},"51":{"start":{"line":87,"column":4},"end":{"line":87,"column":22}},"52":{"start":{"line":88,"column":4},"end":{"line":88,"column":39}},"53":{"start":{"line":90,"column":4},"end":{"line":90,"column":42}},"54":{"start":{"line":94,"column":21},"end":{"line":132,"column":2}},"55":{"start":{"line":94,"column":59},"end":{"line":132,"column":2}},"56":{"start":{"line":95,"column":27},"end":{"line":95,"column":35}},"57":{"start":{"line":96,"column":2},"end":{"line":96,"column":66}},"58":{"start":{"line":96,"column":21},"end":{"line":96,"column":66}},"59":{"start":{"line":98,"column":2},"end":{"line":99,"column":62}},"60":{"start":{"line":99,"column":4},"end":{"line":99,"column":62}},"61":{"start":{"line":101,"column":2},"end":{"line":131,"column":4}},"62":{"start":{"line":104,"column":34},"end":{"line":130,"column":null}},"63":{"start":{"line":105,"column":6},"end":{"line":105,"column":60}},"64":{"start":{"line":105,"column":15},"end":{"line":105,"column":60}},"65":{"start":{"line":107,"column":22},"end":{"line":107,"column":42}},"66":{"start":{"line":108,"column":6},"end":{"line":129,"column":7}},"67":{"start":{"line":109,"column":21},"end":{"line":109,"column":66}},"68":{"start":{"line":110,"column":8},"end":{"line":111,"column":62}},"69":{"start":{"line":111,"column":10},"end":{"line":111,"column":62}},"70":{"start":{"line":113,"column":26},"end":{"line":113,"column":61}},"71":{"start":{"line":114,"column":8},"end":{"line":115,"column":68}},"72":{"start":{"line":115,"column":10},"end":{"line":115,"column":68}},"73":{"start":{"line":117,"column":8},"end":{"line":119,"column":10}},"74":{"start":{"line":118,"column":21},"end":{"line":118,"column":43}},"75":{"start":{"line":120,"column":8},"end":{"line":120,"column":56}},"76":{"start":{"line":121,"column":8},"end":{"line":121,"column":26}},"77":{"start":{"line":123,"column":8},"end":{"line":126,"column":11}},"78":{"start":{"line":128,"column":8},"end":{"line":128,"column":53}},"79":{"start":{"line":136,"column":30},"end":{"line":153,"column":1}},"80":{"start":{"line":141,"column":16},"end":{"line":141,"column":59}},"81":{"start":{"line":142,"column":2},"end":{"line":142,"column":59}},"82":{"start":{"line":142,"column":14},"end":{"line":142,"column":59}},"83":{"start":{"line":144,"column":2},"end":{"line":145,"column":62}},"84":{"start":{"line":145,"column":4},"end":{"line":145,"column":62}},"85":{"start":{"line":147,"column":2},"end":{"line":152,"column":5}},"86":{"start":{"line":148,"column":4},"end":{"line":148,"column":65}},"87":{"start":{"line":148,"column":13},"end":{"line":148,"column":65}},"88":{"start":{"line":150,"column":4},"end":{"line":150,"column":50}},"89":{"start":{"line":151,"column":4},"end":{"line":151,"column":11}},"90":{"start":{"line":136,"column":13},"end":{"line":136,"column":30}},"91":{"start":{"line":155,"column":0},"end":{"line":155,"column":57}}},"fnMap":{"0":{"name":"(anonymous_8)","decl":{"start":{"line":6,"column":17},"end":{"line":6,"column":24}},"loc":{"start":{"line":6,"column":55},"end":{"line":21,"column":2}}},"1":{"name":"(anonymous_9)","decl":{"start":{"line":6,"column":55},"end":{"line":6,"column":null}},"loc":{"start":{"line":6,"column":55},"end":{"line":21,"column":1}}},"2":{"name":"(anonymous_10)","decl":{"start":{"line":23,"column":23},"end":{"line":23,"column":24}},"loc":{"start":{"line":23,"column":39},"end":{"line":35,"column":1}}},"3":{"name":"(anonymous_11)","decl":{"start":{"line":37,"column":14},"end":{"line":37,"column":21}},"loc":{"start":{"line":37,"column":52},"end":{"line":64,"column":2}}},"4":{"name":"(anonymous_12)","decl":{"start":{"line":37,"column":52},"end":{"line":37,"column":null}},"loc":{"start":{"line":37,"column":52},"end":{"line":64,"column":1}}},"5":{"name":"(anonymous_13)","decl":{"start":{"line":66,"column":15},"end":{"line":66,"column":22}},"loc":{"start":{"line":66,"column":53},"end":{"line":92,"column":2}}},"6":{"name":"(anonymous_14)","decl":{"start":{"line":66,"column":53},"end":{"line":66,"column":null}},"loc":{"start":{"line":66,"column":53},"end":{"line":92,"column":1}}},"7":{"name":"(anonymous_15)","decl":{"start":{"line":85,"column":6},"end":{"line":85,"column":7}},"loc":{"start":{"line":85,"column":17},"end":{"line":85,"column":39}}},"8":{"name":"(anonymous_16)","decl":{"start":{"line":94,"column":21},"end":{"line":94,"column":28}},"loc":{"start":{"line":94,"column":59},"end":{"line":132,"column":2}}},"9":{"name":"(anonymous_17)","decl":{"start":{"line":94,"column":59},"end":{"line":94,"column":null}},"loc":{"start":{"line":94,"column":59},"end":{"line":132,"column":1}}},"10":{"name":"(anonymous_18)","decl":{"start":{"line":104,"column":4},"end":{"line":104,"column":11}},"loc":{"start":{"line":104,"column":34},"end":{"line":130,"column":null}}},"11":{"name":"(anonymous_19)","decl":{"start":{"line":104,"column":34},"end":{"line":104,"column":null}},"loc":{"start":{"line":104,"column":34},"end":{"line":130,"column":5}}},"12":{"name":"(anonymous_20)","decl":{"start":{"line":118,"column":10},"end":{"line":118,"column":11}},"loc":{"start":{"line":118,"column":21},"end":{"line":118,"column":43}}},"13":{"name":"(anonymous_21)","decl":{"start":{"line":136,"column":30},"end":{"line":136,"column":null}},"loc":{"start":{"line":140,"column":4},"end":{"line":153,"column":1}}},"14":{"name":"(anonymous_22)","decl":{"start":{"line":147,"column":46},"end":{"line":147,"column":47}},"loc":{"start":{"line":147,"column":60},"end":{"line":152,"column":3}}}},"branchMap":{"0":{"loc":{"start":{"line":10,"column":4},"end":{"line":10,"column":73}},"type":"if","locations":[{"start":{"line":10,"column":4},"end":{"line":10,"column":73}}]},"1":{"loc":{"start":{"line":25,"column":2},"end":{"line":25,"column":45}},"type":"if","locations":[{"start":{"line":25,"column":2},"end":{"line":25,"column":45}}]},"2":{"loc":{"start":{"line":39,"column":2},"end":{"line":40,"column":59}},"type":"if","locations":[{"start":{"line":39,"column":2},"end":{"line":40,"column":59}}]},"3":{"loc":{"start":{"line":39,"column":6},"end":{"line":39,"column":25}},"type":"binary-expr","locations":[{"start":{"line":39,"column":6},"end":{"line":39,"column":12}},{"start":{"line":39,"column":16},"end":{"line":39,"column":25}}]},"4":{"loc":{"start":{"line":44,"column":4},"end":{"line":46,"column":5}},"type":"if","locations":[{"start":{"line":44,"column":4},"end":{"line":46,"column":5}}]},"5":{"loc":{"start":{"line":44,"column":8},"end":{"line":44,"column":65}},"type":"binary-expr","locations":[{"start":{"line":44,"column":8},"end":{"line":44,"column":13}},{"start":{"line":44,"column":17},"end":{"line":44,"column":65}}]},"6":{"loc":{"start":{"line":49,"column":4},"end":{"line":49,"column":75}},"type":"if","locations":[{"start":{"line":49,"column":4},"end":{"line":49,"column":75}}]},"7":{"loc":{"start":{"line":51,"column":4},"end":{"line":51,"column":53}},"type":"if","locations":[{"start":{"line":51,"column":4},"end":{"line":51,"column":53}}]},"8":{"loc":{"start":{"line":69,"column":2},"end":{"line":71,"column":3}},"type":"if","locations":[{"start":{"line":69,"column":2},"end":{"line":71,"column":3}}]},"9":{"loc":{"start":{"line":69,"column":6},"end":{"line":69,"column":48}},"type":"binary-expr","locations":[{"start":{"line":69,"column":6},"end":{"line":69,"column":19}},{"start":{"line":69,"column":23},"end":{"line":69,"column":48}}]},"10":{"loc":{"start":{"line":80,"column":4},"end":{"line":82,"column":5}},"type":"if","locations":[{"start":{"line":80,"column":4},"end":{"line":82,"column":5}}]},"11":{"loc":{"start":{"line":80,"column":8},"end":{"line":80,"column":62}},"type":"binary-expr","locations":[{"start":{"line":80,"column":8},"end":{"line":80,"column":13}},{"start":{"line":80,"column":17},"end":{"line":80,"column":62}}]},"12":{"loc":{"start":{"line":80,"column":18},"end":{"line":80,"column":60}},"type":"cond-expr","locations":[{"start":{"line":80,"column":36},"end":{"line":80,"column":38}},{"start":{"line":80,"column":36},"end":{"line":80,"column":60}}]},"13":{"loc":{"start":{"line":80,"column":18},"end":{"line":80,"column":38}},"type":"binary-expr","locations":[{"start":{"line":80,"column":18},"end":{"line":80,"column":38}},{"start":{"line":80,"column":36},"end":{"line":80,"column":38}}]},"14":{"loc":{"start":{"line":96,"column":2},"end":{"line":96,"column":66}},"type":"if","locations":[{"start":{"line":96,"column":2},"end":{"line":96,"column":66}}]},"15":{"loc":{"start":{"line":98,"column":2},"end":{"line":99,"column":62}},"type":"if","locations":[{"start":{"line":98,"column":2},"end":{"line":99,"column":62}}]},"16":{"loc":{"start":{"line":105,"column":6},"end":{"line":105,"column":60}},"type":"if","locations":[{"start":{"line":105,"column":6},"end":{"line":105,"column":60}}]},"17":{"loc":{"start":{"line":110,"column":8},"end":{"line":111,"column":62}},"type":"if","locations":[{"start":{"line":110,"column":8},"end":{"line":111,"column":62}}]},"18":{"loc":{"start":{"line":110,"column":12},"end":{"line":110,"column":null}},"type":"binary-expr","locations":[{"start":{"line":110,"column":12},"end":{"line":110,"column":17}},{"start":{"line":110,"column":21},"end":{"line":110,"column":null}}]},"19":{"loc":{"start":{"line":110,"column":22},"end":{"line":110,"column":64}},"type":"cond-expr","locations":[{"start":{"line":110,"column":40},"end":{"line":110,"column":42}},{"start":{"line":110,"column":40},"end":{"line":110,"column":64}}]},"20":{"loc":{"start":{"line":110,"column":22},"end":{"line":110,"column":42}},"type":"binary-expr","locations":[{"start":{"line":110,"column":22},"end":{"line":110,"column":42}},{"start":{"line":110,"column":40},"end":{"line":110,"column":42}}]},"21":{"loc":{"start":{"line":114,"column":8},"end":{"line":115,"column":68}},"type":"if","locations":[{"start":{"line":114,"column":8},"end":{"line":115,"column":68}}]},"22":{"loc":{"start":{"line":141,"column":16},"end":{"line":141,"column":59}},"type":"cond-expr","locations":[{"start":{"line":141,"column":44},"end":{"line":141,"column":46}},{"start":{"line":141,"column":44},"end":{"line":141,"column":59}}]},"23":{"loc":{"start":{"line":141,"column":16},"end":{"line":141,"column":46}},"type":"binary-expr","locations":[{"start":{"line":141,"column":16},"end":{"line":141,"column":46}},{"start":{"line":141,"column":44},"end":{"line":141,"column":46}}]},"24":{"loc":{"start":{"line":142,"column":2},"end":{"line":142,"column":59}},"type":"if","locations":[{"start":{"line":142,"column":2},"end":{"line":142,"column":59}}]},"25":{"loc":{"start":{"line":144,"column":2},"end":{"line":145,"column":62}},"type":"if","locations":[{"start":{"line":144,"column":2},"end":{"line":145,"column":62}}]},"26":{"loc":{"start":{"line":148,"column":4},"end":{"line":148,"column":65}},"type":"if","locations":[{"start":{"line":148,"column":4},"end":{"line":148,"column":65}}]}},"s":{"0":3,"1":3,"2":3,"3":3,"4":7,"5":7,"6":7,"7":7,"8":7,"9":5,"10":2,"11":2,"12":2,"13":0,"14":3,"15":8,"16":8,"17":1,"18":7,"19":7,"20":7,"21":3,"22":8,"23":8,"24":8,"25":0,"26":8,"27":8,"28":8,"29":2,"30":6,"31":6,"32":1,"33":5,"34":0,"35":5,"36":5,"37":5,"38":0,"39":3,"40":2,"41":2,"42":2,"43":1,"44":1,"45":1,"46":1,"47":1,"48":0,"49":1,"50":2,"51":1,"52":1,"53":0,"54":3,"55":6,"56":6,"57":6,"58":1,"59":5,"60":1,"61":4,"62":4,"63":4,"64":1,"65":3,"66":3,"67":3,"68":3,"69":1,"70":2,"71":2,"72":0,"73":2,"74":4,"75":2,"76":2,"77":2,"78":0,"79":3,"80":19,"81":19,"82":1,"83":18,"84":0,"85":18,"86":18,"87":1,"88":17,"89":17,"90":3,"91":3},"f":{"0":7,"1":7,"2":8,"3":8,"4":8,"5":2,"6":2,"7":2,"8":6,"9":6,"10":4,"11":4,"12":4,"13":19,"14":18},"b":{"0":[5],"1":[1],"2":[0],"3":[8,8],"4":[2],"5":[8,7],"6":[1],"7":[0],"8":[1],"9":[2,2],"10":[0],"11":[1,1],"12":[0,1],"13":[1,1],"14":[1],"15":[1],"16":[1],"17":[1],"18":[3,3],"19":[0,3],"20":[3,3],"21":[0],"22":[1,18],"23":[19,19],"24":[1],"25":[0],"26":[1]}}
,"/Users/hodayakaro/Documents/matala1/Matala1/assignment_2/src/models/comments_model.ts": {"path":"/Users/hodayakaro/Documents/matala1/Matala1/assignment_2/src/models/comments_model.ts","statementMap":{"0":{"start":{"line":1,"column":0},"end":{"line":1,"column":32}},"1":{"start":{"line":3,"column":22},"end":{"line":16,"column":2}},"2":{"start":{"line":18,"column":21},"end":{"line":18,"column":61}},"3":{"start":{"line":20,"column":0},"end":{"line":20,"column":28}}},"fnMap":{},"branchMap":{},"s":{"0":3,"1":3,"2":3,"3":3},"f":{},"b":{}}
,"/Users/hodayakaro/Documents/matala1/Matala1/assignment_2/src/models/posts_model.ts": {"path":"/Users/hodayakaro/Documents/matala1/Matala1/assignment_2/src/models/posts_model.ts","statementMap":{"0":{"start":{"line":1,"column":0},"end":{"line":1,"column":32}},"1":{"start":{"line":3,"column":19},"end":{"line":16,"column":2}},"2":{"start":{"line":18,"column":18},"end":{"line":18,"column":53}},"3":{"start":{"line":20,"column":0},"end":{"line":20,"column":25}}},"fnMap":{},"branchMap":{},"s":{"0":3,"1":3,"2":3,"3":3},"f":{},"b":{}}
,"/Users/hodayakaro/Documents/matala1/Matala1/assignment_2/src/models/user_model.ts": {"path":"/Users/hodayakaro/Documents/matala1/Matala1/assignment_2/src/models/user_model.ts","statementMap":{"0":{"start":{"line":1,"column":0},"end":{"line":1,"column":32}},"1":{"start":{"line":3,"column":19},"end":{"line":16,"column":2}},"2":{"start":{"line":18,"column":18},"end":{"line":18,"column":53}},"3":{"start":{"line":19,"column":0},"end":{"line":19,"column":25}}},"fnMap":{},"branchMap":{},"s":{"0":3,"1":3,"2":3,"3":3},"f":{},"b":{}}
,"/Users/hodayakaro/Documents/matala1/Matala1/assignment_2/src/routes/comment_route.ts": {"path":"/Users/hodayakaro/Documents/matala1/Matala1/assignment_2/src/routes/comment_route.ts","statementMap":{"0":{"start":{"line":1,"column":0},"end":{"line":1,"column":30}},"1":{"start":{"line":2,"column":15},"end":{"line":2,"column":31}},"2":{"start":{"line":3,"column":0},"end":{"line":3,"column":69}},"3":{"start":{"line":4,"column":0},"end":{"line":4,"column":69}},"4":{"start":{"line":66,"column":0},"end":{"line":68,"column":3}},"5":{"start":{"line":67,"column":2},"end":{"line":67,"column":47}},"6":{"start":{"line":97,"column":0},"end":{"line":99,"column":3}},"7":{"start":{"line":98,"column":2},"end":{"line":98,"column":47}},"8":{"start":{"line":142,"column":0},"end":{"line":144,"column":3}},"9":{"start":{"line":143,"column":2},"end":{"line":143,"column":46}},"10":{"start":{"line":190,"column":0},"end":{"line":192,"column":3}},"11":{"start":{"line":191,"column":2},"end":{"line":191,"column":46}},"12":{"start":{"line":219,"column":0},"end":{"line":221,"column":3}},"13":{"start":{"line":220,"column":2},"end":{"line":220,"column":46}},"14":{"start":{"line":223,"column":0},"end":{"line":223,"column":22}}},"fnMap":{"0":{"name":"(anonymous_1)","decl":{"start":{"line":66,"column":16},"end":{"line":66,"column":17}},"loc":{"start":{"line":66,"column":29},"end":{"line":68,"column":1}}},"1":{"name":"(anonymous_2)","decl":{"start":{"line":97,"column":19},"end":{"line":97,"column":20}},"loc":{"start":{"line":97,"column":32},"end":{"line":99,"column":1}}},"2":{"name":"(anonymous_3)","decl":{"start":{"line":142,"column":33},"end":{"line":142,"column":34}},"loc":{"start":{"line":142,"column":46},"end":{"line":144,"column":1}}},"3":{"name":"(anonymous_4)","decl":{"start":{"line":190,"column":35},"end":{"line":190,"column":36}},"loc":{"start":{"line":190,"column":48},"end":{"line":192,"column":1}}},"4":{"name":"(anonymous_5)","decl":{"start":{"line":219,"column":38},"end":{"line":219,"column":39}},"loc":{"start":{"line":219,"column":51},"end":{"line":221,"column":1}}}},"branchMap":{},"s":{"0":3,"1":3,"2":3,"3":3,"4":3,"5":6,"6":3,"7":3,"8":3,"9":3,"10":3,"11":3,"12":3,"13":1,"14":3},"f":{"0":6,"1":3,"2":3,"3":3,"4":1},"b":{}}
,"/Users/hodayakaro/Documents/matala1/Matala1/assignment_2/src/routes/posts_route.ts": {"path":"/Users/hodayakaro/Documents/matala1/Matala1/assignment_2/src/routes/posts_route.ts","statementMap":{"0":{"start":{"line":1,"column":0},"end":{"line":1,"column":30}},"1":{"start":{"line":2,"column":15},"end":{"line":2,"column":31}},"2":{"start":{"line":3,"column":0},"end":{"line":3,"column":62}},"3":{"start":{"line":4,"column":0},"end":{"line":4,"column":69}},"4":{"start":{"line":84,"column":0},"end":{"line":86,"column":3}},"5":{"start":{"line":85,"column":2},"end":{"line":85,"column":39}},"6":{"start":{"line":111,"column":0},"end":{"line":113,"column":3}},"7":{"start":{"line":112,"column":2},"end":{"line":112,"column":37}},"8":{"start":{"line":143,"column":0},"end":{"line":145,"column":3}},"9":{"start":{"line":144,"column":2},"end":{"line":144,"column":40}},"10":{"start":{"line":189,"column":0},"end":{"line":191,"column":3}},"11":{"start":{"line":190,"column":2},"end":{"line":190,"column":39}},"12":{"start":{"line":219,"column":0},"end":{"line":221,"column":3}},"13":{"start":{"line":220,"column":2},"end":{"line":220,"column":39}},"14":{"start":{"line":223,"column":0},"end":{"line":223,"column":22}}},"fnMap":{"0":{"name":"(anonymous_1)","decl":{"start":{"line":84,"column":33},"end":{"line":84,"column":34}},"loc":{"start":{"line":84,"column":46},"end":{"line":86,"column":1}}},"1":{"name":"(anonymous_2)","decl":{"start":{"line":111,"column":16},"end":{"line":111,"column":17}},"loc":{"start":{"line":111,"column":29},"end":{"line":113,"column":1}}},"2":{"name":"(anonymous_3)","decl":{"start":{"line":143,"column":19},"end":{"line":143,"column":20}},"loc":{"start":{"line":143,"column":32},"end":{"line":145,"column":1}}},"3":{"name":"(anonymous_4)","decl":{"start":{"line":189,"column":35},"end":{"line":189,"column":36}},"loc":{"start":{"line":189,"column":48},"end":{"line":191,"column":1}}},"4":{"name":"(anonymous_5)","decl":{"start":{"line":219,"column":38},"end":{"line":219,"column":39}},"loc":{"start":{"line":219,"column":51},"end":{"line":221,"column":1}}}},"branchMap":{},"s":{"0":3,"1":3,"2":3,"3":3,"4":3,"5":6,"6":3,"7":5,"8":3,"9":4,"10":3,"11":2,"12":3,"13":2,"14":3},"f":{"0":6,"1":5,"2":4,"3":2,"4":2},"b":{}}
,"/Users/hodayakaro/Documents/matala1/Matala1/assignment_2/src/routes/user_route.ts": {"path":"/Users/hodayakaro/Documents/matala1/Matala1/assignment_2/src/routes/user_route.ts","statementMap":{"0":{"start":{"line":1,"column":0},"end":{"line":1,"column":30}},"1":{"start":{"line":2,"column":15},"end":{"line":2,"column":31}},"2":{"start":{"line":3,"column":0},"end":{"line":3,"column":69}},"3":{"start":{"line":64,"column":0},"end":{"line":66,"column":3}},"4":{"start":{"line":65,"column":2},"end":{"line":65,"column":40}},"5":{"start":{"line":105,"column":0},"end":{"line":105,"column":48}},"6":{"start":{"line":134,"column":0},"end":{"line":134,"column":50}},"7":{"start":{"line":174,"column":0},"end":{"line":174,"column":57}},"8":{"start":{"line":176,"column":0},"end":{"line":176,"column":22}}},"fnMap":{"0":{"name":"(anonymous_1)","decl":{"start":{"line":64,"column":25},"end":{"line":64,"column":26}},"loc":{"start":{"line":64,"column":38},"end":{"line":66,"column":1}}}},"branchMap":{},"s":{"0":3,"1":3,"2":3,"3":3,"4":7,"5":3,"6":3,"7":3,"8":3},"f":{"0":7},"b":{}}
}
