TN:
SF:src/server.ts
FN:33,(anonymous_8)
FN:33,(anonymous_9)
FNF:2
FNH:2
FNDA:3,(anonymous_8)
FNDA:3,(anonymous_9)
DA:4,3
DA:5,3
DA:6,3
DA:7,3
DA:8,3
DA:9,3
DA:10,3
DA:11,3
DA:12,3
DA:14,3
DA:15,3
DA:17,3
DA:29,3
DA:30,3
DA:33,3
DA:34,3
DA:35,0
DA:38,3
DA:39,3
DA:40,3
DA:42,0
DA:43,0
DA:47,3
DA:48,3
DA:50,3
DA:51,3
DA:52,3
DA:54,3
DA:57,3
LF:29
LH:26
BRDA:34,0,0,0
BRF:1
BRH:0
end_of_record
TN:
SF:src/controllers/comments_controller.ts
FN:5,(anonymous_8)
FN:5,(anonymous_9)
FN:14,(anonymous_10)
FN:14,(anonymous_11)
FN:32,(anonymous_12)
FN:32,(anonymous_13)
FN:51,(anonymous_14)
FN:51,(anonymous_15)
FN:74,(anonymous_16)
FN:74,(anonymous_17)
FNF:10
FNH:10
FNDA:6,(anonymous_8)
FNDA:6,(anonymous_9)
FNDA:3,(anonymous_10)
FNDA:3,(anonymous_11)
FNDA:3,(anonymous_12)
FNDA:3,(anonymous_13)
FNDA:3,(anonymous_14)
FNDA:3,(anonymous_15)
FNDA:1,(anonymous_16)
FNDA:1,(anonymous_17)
DA:1,3
DA:2,3
DA:5,6
DA:6,6
DA:7,6
DA:8,4
DA:10,2
DA:14,3
DA:15,3
DA:16,3
DA:17,3
DA:18,3
DA:20,2
DA:21,1
DA:23,1
DA:24,1
DA:25,1
DA:28,1
DA:32,3
DA:33,3
DA:34,3
DA:35,3
DA:36,0
DA:37,0
DA:39,3
DA:40,2
DA:41,1
DA:43,1
DA:47,1
DA:51,3
DA:52,3
DA:53,3
DA:55,3
DA:56,1
DA:58,2
DA:59,2
DA:65,1
DA:66,1
DA:69,1
DA:74,3
DA:75,1
DA:77,1
DA:78,1
DA:80,1
DA:84,3
LF:45
LH:43
BRDA:20,0,0,1
BRDA:20,0,1,1
BRDA:35,1,0,0
BRDA:35,1,1,3
BRDA:40,2,0,1
BRDA:40,2,1,1
BRDA:55,3,0,1
BRDA:55,3,1,2
BRDA:65,4,0,1
BRF:9
BRH:8
end_of_record
TN:
SF:src/controllers/posts_controller.ts
FN:5,(anonymous_8)
FN:5,(anonymous_9)
FN:17,(anonymous_10)
FN:17,(anonymous_11)
FN:32,(anonymous_12)
FN:32,(anonymous_13)
FN:46,(anonymous_14)
FN:46,(anonymous_15)
FN:54,(anonymous_16)
FN:54,(anonymous_17)
FN:75,(anonymous_18)
FN:75,(anonymous_19)
FNF:12
FNH:10
FNDA:6,(anonymous_8)
FNDA:6,(anonymous_9)
FNDA:5,(anonymous_10)
FNDA:5,(anonymous_11)
FNDA:4,(anonymous_12)
FNDA:4,(anonymous_13)
FNDA:0,(anonymous_14)
FNDA:0,(anonymous_15)
FNDA:2,(anonymous_16)
FNDA:2,(anonymous_17)
FNDA:2,(anonymous_18)
FNDA:2,(anonymous_19)
DA:1,3
DA:2,3
DA:5,6
DA:6,6
DA:7,6
DA:8,6
DA:9,6
DA:10,4
DA:11,4
DA:13,2
DA:17,5
DA:18,5
DA:19,5
DA:20,5
DA:21,2
DA:22,1
DA:24,3
DA:25,2
DA:28,2
DA:32,4
DA:33,4
DA:34,4
DA:35,4
DA:36,3
DA:37,1
DA:39,2
DA:42,1
DA:46,3
DA:47,0
DA:48,0
DA:50,0
DA:54,3
DA:55,2
DA:56,2
DA:58,2
DA:59,2
DA:65,2
DA:66,1
DA:68,1
DA:71,0
DA:75,3
DA:76,2
DA:77,2
DA:78,2
DA:79,1
DA:81,1
DA:85,3
LF:47
LH:43
BRDA:20,0,0,2
BRDA:20,0,1,3
BRDA:36,1,0,1
BRDA:36,1,1,2
BRDA:65,2,0,1
BRDA:65,2,1,1
BRF:6
BRH:6
end_of_record
TN:
SF:src/controllers/user_controller_auth.ts
FN:6,(anonymous_8)
FN:6,(anonymous_9)
FN:23,(anonymous_10)
FN:37,(anonymous_11)
FN:37,(anonymous_12)
FN:66,(anonymous_13)
FN:66,(anonymous_14)
FN:85,(anonymous_15)
FN:94,(anonymous_16)
FN:94,(anonymous_17)
FN:104,(anonymous_18)
FN:104,(anonymous_19)
FN:118,(anonymous_20)
FN:136,(anonymous_21)
FN:147,(anonymous_22)
FNF:15
FNH:15
FNDA:7,(anonymous_8)
FNDA:7,(anonymous_9)
FNDA:8,(anonymous_10)
FNDA:8,(anonymous_11)
FNDA:8,(anonymous_12)
FNDA:2,(anonymous_13)
FNDA:2,(anonymous_14)
FNDA:2,(anonymous_15)
FNDA:6,(anonymous_16)
FNDA:6,(anonymous_17)
FNDA:4,(anonymous_18)
FNDA:4,(anonymous_19)
FNDA:4,(anonymous_20)
FNDA:19,(anonymous_21)
FNDA:18,(anonymous_22)
DA:2,3
DA:3,3
DA:4,3
DA:6,7
DA:7,7
DA:8,7
DA:9,7
DA:10,7
DA:12,2
DA:16,2
DA:17,2
DA:19,0
DA:23,3
DA:24,8
DA:25,8
DA:27,7
DA:30,7
DA:34,7
DA:37,8
DA:38,8
DA:39,8
DA:40,0
DA:42,8
DA:43,8
DA:44,8
DA:45,2
DA:48,6
DA:49,6
DA:51,5
DA:52,5
DA:53,5
DA:55,5
DA:62,0
DA:66,3
DA:67,2
DA:69,2
DA:70,1
DA:73,1
DA:74,1
DA:78,1
DA:80,1
DA:81,0
DA:84,1
DA:85,2
DA:87,1
DA:88,1
DA:90,0
DA:94,6
DA:95,6
DA:96,6
DA:98,5
DA:99,1
DA:101,4
DA:104,4
DA:105,4
DA:107,3
DA:108,3
DA:109,3
DA:110,3
DA:111,1
DA:113,2
DA:114,2
DA:115,0
DA:117,2
DA:118,4
DA:120,2
DA:121,2
DA:123,2
DA:128,0
DA:136,3
DA:141,19
DA:142,19
DA:144,18
DA:145,0
DA:147,18
DA:148,18
DA:150,17
DA:151,17
DA:155,3
LF:79
LH:71
BRDA:10,0,0,5
BRDA:25,1,0,1
BRDA:39,2,0,0
BRDA:39,3,0,8
BRDA:39,3,1,8
BRDA:44,4,0,2
BRDA:44,5,0,8
BRDA:44,5,1,7
BRDA:49,6,0,1
BRDA:51,7,0,0
BRDA:69,8,0,1
BRDA:69,9,0,2
BRDA:69,9,1,2
BRDA:80,10,0,0
BRDA:80,11,0,1
BRDA:80,11,1,1
BRDA:80,12,0,0
BRDA:80,12,1,1
BRDA:80,13,0,1
BRDA:80,13,1,1
BRDA:96,14,0,1
BRDA:98,15,0,1
BRDA:105,16,0,1
BRDA:110,17,0,1
BRDA:110,18,0,3
BRDA:110,18,1,3
BRDA:110,19,0,0
BRDA:110,19,1,3
BRDA:110,20,0,3
BRDA:110,20,1,3
BRDA:114,21,0,0
BRDA:141,22,0,1
BRDA:141,22,1,18
BRDA:141,23,0,19
BRDA:141,23,1,19
BRDA:142,24,0,1
BRDA:144,25,0,0
BRDA:148,26,0,1
BRF:38
BRH:31
end_of_record
TN:
SF:src/models/comments_model.ts
FNF:0
FNH:0
DA:1,3
DA:3,3
DA:18,3
DA:20,3
LF:4
LH:4
BRF:0
BRH:0
end_of_record
TN:
SF:src/models/posts_model.ts
FNF:0
FNH:0
DA:1,3
DA:3,3
DA:18,3
DA:20,3
LF:4
LH:4
BRF:0
BRH:0
end_of_record
TN:
SF:src/models/user_model.ts
FNF:0
FNH:0
DA:1,3
DA:3,3
DA:18,3
DA:19,3
LF:4
LH:4
BRF:0
BRH:0
end_of_record
TN:
SF:src/routes/comment_route.ts
FN:66,(anonymous_1)
FN:97,(anonymous_2)
FN:142,(anonymous_3)
FN:190,(anonymous_4)
FN:219,(anonymous_5)
FNF:5
FNH:5
FNDA:6,(anonymous_1)
FNDA:3,(anonymous_2)
FNDA:3,(anonymous_3)
FNDA:3,(anonymous_4)
FNDA:1,(anonymous_5)
DA:1,3
DA:2,3
DA:3,3
DA:4,3
DA:66,3
DA:67,6
DA:97,3
DA:98,3
DA:142,3
DA:143,3
DA:190,3
DA:191,3
DA:219,3
DA:220,1
DA:223,3
LF:15
LH:15
BRF:0
BRH:0
end_of_record
TN:
SF:src/routes/posts_route.ts
FN:84,(anonymous_1)
FN:111,(anonymous_2)
FN:143,(anonymous_3)
FN:189,(anonymous_4)
FN:219,(anonymous_5)
FNF:5
FNH:5
FNDA:6,(anonymous_1)
FNDA:5,(anonymous_2)
FNDA:4,(anonymous_3)
FNDA:2,(anonymous_4)
FNDA:2,(anonymous_5)
DA:1,3
DA:2,3
DA:3,3
DA:4,3
DA:84,3
DA:85,6
DA:111,3
DA:112,5
DA:143,3
DA:144,4
DA:189,3
DA:190,2
DA:219,3
DA:220,2
DA:223,3
LF:15
LH:15
BRF:0
BRH:0
end_of_record
TN:
SF:src/routes/user_route.ts
FN:64,(anonymous_1)
FNF:1
FNH:1
FNDA:7,(anonymous_1)
DA:1,3
DA:2,3
DA:3,3
DA:64,3
DA:65,7
DA:105,3
DA:134,3
DA:174,3
DA:176,3
LF:9
LH:9
BRF:0
BRH:0
end_of_record
